Using pre-set license
Built from '2022.3/staging' branch; Version is '2022.3.15f1 (b58023a2b463) revision 11894819'; Using compiler version '192829333'; Build Type 'Release'
OS: 'Windows 10  (10.0.19045) 64bit Professional' Language: 'ru' Physical Memory: 32694 MB
BatchMode: 1, IsHumanControllingUs: 0, StartBugReporterOnCrash: 0, Is64bit: 1, IsPro: 1

COMMAND LINE ARGUMENTS:
D:\Programs\Unity Hub\Editor\2022.3.15f1\Editor\Unity.exe
-adb2
-batchMode
-noUpm
-name
AssetImportWorker0
-projectPath
D:/Programs/Unity/Targem_proj-main/SpacePeeker
-logFile
Logs/AssetImportWorker0.log
-srvPort
59276
Successfully changed project path to: D:/Programs/Unity/Targem_proj-main/SpacePeeker
D:/Programs/Unity/Targem_proj-main/SpacePeeker
[UnityMemory] Configuration Parameters - Can be set up in boot.config
    "memorysetup-bucket-allocator-granularity=16"
    "memorysetup-bucket-allocator-bucket-count=8"
    "memorysetup-bucket-allocator-block-size=33554432"
    "memorysetup-bucket-allocator-block-count=8"
    "memorysetup-main-allocator-block-size=16777216"
    "memorysetup-thread-allocator-block-size=16777216"
    "memorysetup-gfx-main-allocator-block-size=16777216"
    "memorysetup-gfx-thread-allocator-block-size=16777216"
    "memorysetup-cache-allocator-block-size=4194304"
    "memorysetup-typetree-allocator-block-size=2097152"
    "memorysetup-profiler-bucket-allocator-granularity=16"
    "memorysetup-profiler-bucket-allocator-bucket-count=8"
    "memorysetup-profiler-bucket-allocator-block-size=33554432"
    "memorysetup-profiler-bucket-allocator-block-count=8"
    "memorysetup-profiler-allocator-block-size=16777216"
    "memorysetup-profiler-editor-allocator-block-size=1048576"
    "memorysetup-temp-allocator-size-main=16777216"
    "memorysetup-job-temp-allocator-block-size=2097152"
    "memorysetup-job-temp-allocator-block-size-background=1048576"
    "memorysetup-job-temp-allocator-reduction-small-platforms=262144"
    "memorysetup-allocator-temp-initial-block-size-main=262144"
    "memorysetup-allocator-temp-initial-block-size-worker=262144"
    "memorysetup-temp-allocator-size-background-worker=32768"
    "memorysetup-temp-allocator-size-job-worker=262144"
    "memorysetup-temp-allocator-size-preload-manager=33554432"
    "memorysetup-temp-allocator-size-nav-mesh-worker=65536"
    "memorysetup-temp-allocator-size-audio-worker=65536"
    "memorysetup-temp-allocator-size-cloud-worker=32768"
    "memorysetup-temp-allocator-size-gi-baking-worker=262144"
    "memorysetup-temp-allocator-size-gfx=262144"
Player connection [16220] Host "[IP] 192.168.1.37 [Port] 0 [Flags] 2 [Guid] 4185959315 [EditorId] 4185959315 [Version] 1048832 [Id] WindowsEditor(7,IRON-PC) [Debug] 1 [PackageName] WindowsEditor [ProjectName] Editor" joined multi-casting on [225.0.0.222:54997]...

Player connection [16220] Host "[IP] 192.168.1.37 [Port] 0 [Flags] 2 [Guid] 4185959315 [EditorId] 4185959315 [Version] 1048832 [Id] WindowsEditor(7,IRON-PC) [Debug] 1 [PackageName] WindowsEditor [ProjectName] Editor" joined alternative multi-casting on [225.0.0.222:34997]...

[Physics::Module] Initialized MultithreadedJobDispatcher with 15 workers.
Refreshing native plugins compatible for Editor in 19.45 ms, found 3 plugins.
Preloading 0 native plugins for Editor in 0.00 ms.
Initialize engine version: 2022.3.15f1 (b58023a2b463)
[Subsystems] Discovering subsystems at path D:/Programs/Unity Hub/Editor/2022.3.15f1/Editor/Data/Resources/UnitySubsystems
[Subsystems] Discovering subsystems at path D:/Programs/Unity/Targem_proj-main/SpacePeeker/Assets
GfxDevice: creating device client; threaded=0; jobified=0
Direct3D:
    Version:  Direct3D 11.0 [level 11.1]
    Renderer: NVIDIA GeForce RTX 3060 (ID=0x2487)
    Vendor:   NVIDIA
    VRAM:     12124 MB
    Driver:   31.0.15.4633
Initialize mono
Mono path[0] = 'D:/Programs/Unity Hub/Editor/2022.3.15f1/Editor/Data/Managed'
Mono path[1] = 'D:/Programs/Unity Hub/Editor/2022.3.15f1/Editor/Data/MonoBleedingEdge/lib/mono/unityjit-win32'
Mono config path = 'D:/Programs/Unity Hub/Editor/2022.3.15f1/Editor/Data/MonoBleedingEdge/etc'
Using monoOptions --debugger-agent=transport=dt_socket,embedding=1,server=y,suspend=n,address=127.0.0.1:56692
Begin MonoManager ReloadAssembly
Registering precompiled unity dll's ...
Register platform support module: D:/Programs/Unity Hub/Editor/2022.3.15f1/Editor/Data/PlaybackEngines/WebGLSupport/UnityEditor.WebGL.Extensions.dll
Register platform support module: D:/Programs/Unity Hub/Editor/2022.3.15f1/Editor/Data/PlaybackEngines/WindowsStandaloneSupport/UnityEditor.WindowsStandalone.Extensions.dll
Registered in 0.014459 seconds.
- Loaded All Assemblies, in  0.700 seconds
Native extension for WindowsStandalone target not found
Native extension for WebGL target not found
Mono: successfully reloaded assembly
- Finished resetting the current domain, in  0.544 seconds
Domain Reload Profiling: 1244ms
	BeginReloadAssembly (217ms)
		ExecutionOrderSort (0ms)
		DisableScriptedObjects (0ms)
		BackupInstance (0ms)
		ReleaseScriptingObjects (0ms)
		CreateAndSetChildDomain (1ms)
	RebuildCommonClasses (69ms)
	RebuildNativeTypeToScriptingClass (23ms)
	initialDomainReloadingComplete (108ms)
	LoadAllAssembliesAndSetupDomain (283ms)
		LoadAssemblies (215ms)
		RebuildTransferFunctionScriptingTraits (0ms)
		AnalyzeDomain (279ms)
			TypeCache.Refresh (277ms)
				TypeCache.ScanAssembly (253ms)
			ScanForSourceGeneratedMonoScriptInfo (1ms)
			ResolveRequiredComponents (1ms)
	FinalizeReload (545ms)
		ReleaseScriptCaches (0ms)
		RebuildScriptCaches (0ms)
		SetupLoadedEditorAssemblies (429ms)
			LogAssemblyErrors (0ms)
			InitializePlatformSupportModulesInManaged (18ms)
			SetLoadedEditorAssemblies (10ms)
			RefreshPlugins (0ms)
			BeforeProcessingInitializeOnLoad (4ms)
			ProcessInitializeOnLoadAttributes (302ms)
			ProcessInitializeOnLoadMethodAttributes (94ms)
			AfterProcessingInitializeOnLoad (0ms)
			EditorAssembliesLoaded (0ms)
		ExecutionOrderSort2 (0ms)
		AwakeInstancesAfterBackupRestoration (0ms)
========================================================================
Worker process is ready to serve import requests
Begin MonoManager ReloadAssembly
- Loaded All Assemblies, in  1.182 seconds
Refreshing native plugins compatible for Editor in 7.45 ms, found 3 plugins.
Native extension for WindowsStandalone target not found
Native extension for WebGL target not found
Package Manager log level set to [2]
[Package Manager] Server::EnsureServerProcessIsRunning -- launch failed, reason: Unity was launched with the -noUpm command-line argument
[Package Manager] UpmClient::Send -- Unable to send message (not connected to UPM process).
[Package Manager] Cannot connect to Unity Package Manager local server
Mono: successfully reloaded assembly
- Finished resetting the current domain, in  1.221 seconds
Domain Reload Profiling: 2403ms
	BeginReloadAssembly (291ms)
		ExecutionOrderSort (0ms)
		DisableScriptedObjects (12ms)
		BackupInstance (0ms)
		ReleaseScriptingObjects (0ms)
		CreateAndSetChildDomain (32ms)
	RebuildCommonClasses (67ms)
	RebuildNativeTypeToScriptingClass (22ms)
	initialDomainReloadingComplete (73ms)
	LoadAllAssembliesAndSetupDomain (729ms)
		LoadAssemblies (531ms)
		RebuildTransferFunctionScriptingTraits (0ms)
		AnalyzeDomain (375ms)
			TypeCache.Refresh (326ms)
				TypeCache.ScanAssembly (301ms)
			ScanForSourceGeneratedMonoScriptInfo (31ms)
			ResolveRequiredComponents (15ms)
	FinalizeReload (1222ms)
		ReleaseScriptCaches (0ms)
		RebuildScriptCaches (0ms)
		SetupLoadedEditorAssemblies (905ms)
			LogAssemblyErrors (0ms)
			InitializePlatformSupportModulesInManaged (15ms)
			SetLoadedEditorAssemblies (7ms)
			RefreshPlugins (0ms)
			BeforeProcessingInitializeOnLoad (107ms)
			ProcessInitializeOnLoadAttributes (717ms)
			ProcessInitializeOnLoadMethodAttributes (49ms)
			AfterProcessingInitializeOnLoad (9ms)
			EditorAssembliesLoaded (1ms)
		ExecutionOrderSort2 (0ms)
		AwakeInstancesAfterBackupRestoration (15ms)
Launched and connected shader compiler UnityShaderCompiler.exe after 0.07 seconds
Refreshing native plugins compatible for Editor in 10.43 ms, found 3 plugins.
Preloading 0 native plugins for Editor in 0.00 ms.
Unloading 3494 Unused Serialized files (Serialized files now loaded: 0)
Unloading 66 unused Assets / (311.5 KB). Loaded Objects now: 3964.
Memory consumption went from 226.6 MB to 226.3 MB.
Total: 10.542700 ms (FindLiveObjects: 0.769500 ms CreateObjectMapping: 0.288700 ms MarkObjects: 9.031700 ms  DeleteObjects: 0.450300 ms)

AssetImportParameters requested are different than current active one (requested -> active):
  custom:container-demuxer-ogg: 62fdf1f143b41e24485cea50d1cbac27 -> 
  custom:video-codec-MediaFoundation-h265: 746d11721c4dcdbdad8f713fa42b33f4 -> 
  custom:video-decoder-ogg-theora: a1e56fd34408186e4bbccfd4996cb3dc -> 
  custom:framework-win-MediaFoundation: 216162199b28c13a410421893ffa2e32 -> 
  custom:CustomObjectIndexerAttribute: 43b350a4d6e6d1791af0b5038c4bea17 -> 
  custom:container-demuxer-webm: 4f35f7cbe854078d1ac9338744f61a02 -> 
  custom:container-muxer-webm: aa71ff27fc2769a1b78a27578f13a17b -> 
  custom:video-decoder-webm-vp8: 9c59270c3fd7afecdb556c50c9e8de78 -> 
  custom:SearchIndexIgnoredProperties: e643bd26f0fe6173181afceb89e7c659 -> 
  custom:AudioImporter_EditorPlatform: d09bf68614088b80899f8185d706f6e7 -> 
  custom:video-encoder-webm-vp8: eb34c28f22e8b96e1ab97ce403110664 -> 
  custom:audio-decoder-ogg-vorbis: bf7c407c2cedff20999df2af8eb42d56 -> 
  custom:audio-encoder-webm-vorbis: bf7c407c2cedff20999df2af8eb42d56 -> 
========================================================================
Received Import Request.
  Time since last request: 7849.462072 seconds.
  path: Assets/_Scripts/EnemyController.cs
  artifactKey: Guid(e73141fe300fd404e9c40f3c43936fff) Importer(815301076,1909f56bfc062723c751e8b465ee728b)
Start importing Assets/_Scripts/EnemyController.cs using Guid(e73141fe300fd404e9c40f3c43936fff) Importer(815301076,1909f56bfc062723c751e8b465ee728b)  -> (artifact id: '2a8fc53075409d24a6b59bfe47ecb94e') in 0.003143 seconds
Number of updated asset objects reloaded before import = 0
Number of asset objects unloaded after import = 0
========================================================================
Received Import Request.
  Time since last request: 1.409659 seconds.
  path: Assets/_Scripts/EnemyLives.cs
  artifactKey: Guid(b4050d6241ee13a4dad09375a3c93cf0) Importer(815301076,1909f56bfc062723c751e8b465ee728b)
Start importing Assets/_Scripts/EnemyLives.cs using Guid(b4050d6241ee13a4dad09375a3c93cf0) Importer(815301076,1909f56bfc062723c751e8b465ee728b)  -> (artifact id: '42b0de7a2bcdb3913b38bb2feb310cb0') in 0.000686 seconds
Number of updated asset objects reloaded before import = 0
Number of asset objects unloaded after import = 0
========================================================================
Received Import Request.
  Time since last request: 0.685266 seconds.
  path: Assets/_Scripts/EnemyProjectile.cs
  artifactKey: Guid(56922787bb5950748bd35130b1685151) Importer(815301076,1909f56bfc062723c751e8b465ee728b)
Start importing Assets/_Scripts/EnemyProjectile.cs using Guid(56922787bb5950748bd35130b1685151) Importer(815301076,1909f56bfc062723c751e8b465ee728b)  -> (artifact id: 'd0f56d96727fc80c1db769c02f9d2707') in 0.000687 seconds
Number of updated asset objects reloaded before import = 0
Number of asset objects unloaded after import = 0
========================================================================
Received Import Request.
  Time since last request: 0.603006 seconds.
  path: Assets/_Scripts/EnemyProjectile1.cs
  artifactKey: Guid(4dae83f3c247e7e409279a3ed937cf70) Importer(815301076,1909f56bfc062723c751e8b465ee728b)
Start importing Assets/_Scripts/EnemyProjectile1.cs using Guid(4dae83f3c247e7e409279a3ed937cf70) Importer(815301076,1909f56bfc062723c751e8b465ee728b)  -> (artifact id: 'acb99fe7a2f6f2364fd6a4145e426eff') in 0.000729 seconds
Number of updated asset objects reloaded before import = 0
Number of asset objects unloaded after import = 0
========================================================================
Received Import Request.
  Time since last request: 0.582313 seconds.
  path: Assets/_Scripts/EnemyShoots.cs
  artifactKey: Guid(ddc68b3d00523274bb86595a256b2e91) Importer(815301076,1909f56bfc062723c751e8b465ee728b)
Start importing Assets/_Scripts/EnemyShoots.cs using Guid(ddc68b3d00523274bb86595a256b2e91) Importer(815301076,1909f56bfc062723c751e8b465ee728b)  -> (artifact id: '9f70097ea1e86fefe834e91a080b0f31') in 0.000764 seconds
Number of updated asset objects reloaded before import = 0
Number of asset objects unloaded after import = 0
========================================================================
Received Import Request.
  Time since last request: 1.121245 seconds.
  path: Assets/_Scripts/EnemyShoots1.cs
  artifactKey: Guid(97866e8a9fde70848bb572607c4b55a8) Importer(815301076,1909f56bfc062723c751e8b465ee728b)
Start importing Assets/_Scripts/EnemyShoots1.cs using Guid(97866e8a9fde70848bb572607c4b55a8) Importer(815301076,1909f56bfc062723c751e8b465ee728b)  -> (artifact id: 'bf68d7f5d2a2b919ac03f1e8c086cb09') in 0.000705 seconds
Number of updated asset objects reloaded before import = 0
Number of asset objects unloaded after import = 0
========================================================================
Received Import Request.
  Time since last request: 0.786369 seconds.
  path: Assets/_Scripts/InGameButtons.cs
  artifactKey: Guid(4290c454e282c8d47919dda7118d8ce7) Importer(815301076,1909f56bfc062723c751e8b465ee728b)
Start importing Assets/_Scripts/InGameButtons.cs using Guid(4290c454e282c8d47919dda7118d8ce7) Importer(815301076,1909f56bfc062723c751e8b465ee728b)  -> (artifact id: '6a5d8f45243536106f761a5c359fadda') in 0.000677 seconds
Number of updated asset objects reloaded before import = 0
Number of asset objects unloaded after import = 0
========================================================================
Received Import Request.
  Time since last request: 1.176984 seconds.
  path: Assets/_Scripts/Levels.cs
  artifactKey: Guid(65bbfbf103fa6e4418b17030310a5612) Importer(815301076,1909f56bfc062723c751e8b465ee728b)
Start importing Assets/_Scripts/Levels.cs using Guid(65bbfbf103fa6e4418b17030310a5612) Importer(815301076,1909f56bfc062723c751e8b465ee728b)  -> (artifact id: 'b4e450f6106e808679ce95a61f72f049') in 0.000680 seconds
Number of updated asset objects reloaded before import = 0
Number of asset objects unloaded after import = 0
========================================================================
Received Import Request.
  Time since last request: 1.198040 seconds.
  path: Assets/_Scripts/PlayerController.cs
  artifactKey: Guid(d8d803969dc4fae4b8637377d2eb0cbf) Importer(815301076,1909f56bfc062723c751e8b465ee728b)
Start importing Assets/_Scripts/PlayerController.cs using Guid(d8d803969dc4fae4b8637377d2eb0cbf) Importer(815301076,1909f56bfc062723c751e8b465ee728b)  -> (artifact id: 'ef703121d8308eed977c8ddf30f7c9f9') in 0.000697 seconds
Number of updated asset objects reloaded before import = 0
Number of asset objects unloaded after import = 0
========================================================================
Received Import Request.
  Time since last request: 0.621044 seconds.
  path: Assets/_Scripts/PlayerController1.cs
  artifactKey: Guid(2a73ead4c9e02ad4ba4ce874164081b2) Importer(815301076,1909f56bfc062723c751e8b465ee728b)
Start importing Assets/_Scripts/PlayerController1.cs using Guid(2a73ead4c9e02ad4ba4ce874164081b2) Importer(815301076,1909f56bfc062723c751e8b465ee728b)  -> (artifact id: '53a791c8bc954c9dd6a66b3d482b1396') in 0.000687 seconds
Number of updated asset objects reloaded before import = 0
Number of asset objects unloaded after import = 0
========================================================================
Received Import Request.
  Time since last request: 0.833972 seconds.
  path: Assets/_Scripts/PlayerLives.cs
  artifactKey: Guid(dc2df2e13ea300b48b38f90870064e26) Importer(815301076,1909f56bfc062723c751e8b465ee728b)
Start importing Assets/_Scripts/PlayerLives.cs using Guid(dc2df2e13ea300b48b38f90870064e26) Importer(815301076,1909f56bfc062723c751e8b465ee728b)  -> (artifact id: '229f4a21cced726a88d65c2bb6ca3d36') in 0.000804 seconds
Number of updated asset objects reloaded before import = 0
Number of asset objects unloaded after import = 0
========================================================================
Received Import Request.
  Time since last request: 1.030773 seconds.
  path: Assets/_Scripts/Projectile.cs
  artifactKey: Guid(6ed990707eed58c4cb1a496b6f87131f) Importer(815301076,1909f56bfc062723c751e8b465ee728b)
Start importing Assets/_Scripts/Projectile.cs using Guid(6ed990707eed58c4cb1a496b6f87131f) Importer(815301076,1909f56bfc062723c751e8b465ee728b)  -> (artifact id: 'c411e4ada01f3f80797a139c549ffa21') in 0.000699 seconds
Number of updated asset objects reloaded before import = 0
Number of asset objects unloaded after import = 0
========================================================================
Received Import Request.
  Time since last request: 1.422070 seconds.
  path: Assets/_Scripts/ProjectileShoot.cs
  artifactKey: Guid(23ea0cdeb4b6d8a4a97693380f62513f) Importer(815301076,1909f56bfc062723c751e8b465ee728b)
Start importing Assets/_Scripts/ProjectileShoot.cs using Guid(23ea0cdeb4b6d8a4a97693380f62513f) Importer(815301076,1909f56bfc062723c751e8b465ee728b)  -> (artifact id: '46b4a3c49c4d91fa171e5e34f7d1a0d3') in 0.000693 seconds
Number of updated asset objects reloaded before import = 0
Number of asset objects unloaded after import = 0
========================================================================
Received Import Request.
  Time since last request: 0.612392 seconds.
  path: Assets/_Scripts/ProjectileShoot1.cs
  artifactKey: Guid(cced405c9c5ab024b8de1262ea4409a8) Importer(815301076,1909f56bfc062723c751e8b465ee728b)
Start importing Assets/_Scripts/ProjectileShoot1.cs using Guid(cced405c9c5ab024b8de1262ea4409a8) Importer(815301076,1909f56bfc062723c751e8b465ee728b)  -> (artifact id: '3cead1454d36dc1b1735249198fda568') in 0.000690 seconds
Number of updated asset objects reloaded before import = 0
Number of asset objects unloaded after import = 0
========================================================================
Received Import Request.
  Time since last request: 1.041776 seconds.
  path: Assets/_Scripts/Asteroid.cs
  artifactKey: Guid(b29c7631966ad274f976774c19bca650) Importer(815301076,1909f56bfc062723c751e8b465ee728b)
Start importing Assets/_Scripts/Asteroid.cs using Guid(b29c7631966ad274f976774c19bca650) Importer(815301076,1909f56bfc062723c751e8b465ee728b)  -> (artifact id: '14a63a4d4121cce416ac769e8f3a32d9') in 0.000696 seconds
Number of updated asset objects reloaded before import = 0
Number of asset objects unloaded after import = 0
